<?xml version="1.0" encoding="UTF-8"?>
<testsuite name="magisterka.AppTest" tests="1" skipped="0" failures="0" errors="0" timestamp="2025-01-16T10:20:32" hostname="LUCYNAMARZEC" time="0.013">
  <properties/>
  <testcase name="appHasAGreeting()" classname="magisterka.AppTest" time="0.013"/>
  <system-out><![CDATA[]]></system-out>
  <system-err><![CDATA[]]></system-err>
</testsuite>
